{
  "RSpec": {
    "coverage": {
      "/mnt/hgfs/www/ss/config/environment.rb": [
        null,
        1,
        null,
        null,
        1
      ],
      "/mnt/hgfs/www/ss/config/application.rb": [
        1,
        null,
        null,
        1,
        1,
        1,
        null,
        null,
        1,
        null,
        1,
        2,
        null,
        1,
        1,
        1,
        null,
        1,
        1,
        1,
        null,
        1,
        14,
        null,
        1,
        15,
        null,
        1,
        1,
        null,
        null,
        null,
        null,
        1,
        0,
        null
      ],
      "/mnt/hgfs/www/ss/config/boot.rb": [
        null,
        1,
        1,
        1,
        1,
        null,
        null,
        1,
        null,
        1
      ],
      "/mnt/hgfs/www/ss/config/environments/test.rb": [
        1,
        null,
        null,
        1,
        1,
        null,
        null,
        null,
        null,
        null,
        1,
        null,
        null,
        null,
        1,
        1,
        null,
        null,
        1,
        null,
        null,
        1,
        null,
        null,
        1,
        null,
        null,
        1,
        null,
        null,
        null,
        null
      ],
      "/mnt/hgfs/www/ss/config/initializers/backtrace_silencers.rb": [
        null,
        null,
        null,
        null,
        null,
        null,
        null
      ],
      "/mnt/hgfs/www/ss/config/initializers/cookies_serializer.rb": [
        null,
        null,
        null
      ],
      "/mnt/hgfs/www/ss/config/initializers/filter_parameter_logging.rb": [
        null,
        null,
        null,
        1
      ],
      "/mnt/hgfs/www/ss/config/initializers/inflections.rb": [
        null,
        null,
        null,
        null,
        null,
        null,
        null,
        null,
        null,
        null,
        null,
        null,
        null,
        null,
        null,
        null
      ],
      "/mnt/hgfs/www/ss/config/initializers/kana/initialize.rb": [
        null,
        null,
        1
      ],
      "/mnt/hgfs/www/ss/app/models/kana/initializer.rb": [
        null,
        1,
        1,
        1,
        null,
        null
      ],
      "/mnt/hgfs/www/ss/app/controllers/concerns/cms/public_filter.rb": [
        null,
        1,
        1,
        1,
        1,
        null,
        3,
        null,
        1,
        1,
        1,
        1,
        1,
        1,
        1,
        1,
        1,
        null,
        null,
        1,
        1,
        0,
        0,
        0,
        0,
        null,
        null,
        0,
        0,
        0,
        null,
        null,
        0,
        0,
        null,
        0,
        0,
        0,
        0,
        null,
        null,
        0,
        null,
        null,
        1,
        1,
        0,
        0,
        0,
        0,
        null,
        null,
        1,
        0,
        null,
        0,
        0,
        0,
        0,
        0,
        0,
        null,
        null,
        null,
        null,
        1,
        0,
        0,
        null,
        null,
        1,
        0,
        null,
        null,
        1,
        0,
        0,
        0,
        null,
        null,
        1,
        0,
        0,
        0,
        null,
        0,
        0,
        null,
        0,
        0,
        0,
        0,
        null,
        null,
        null,
        0,
        null,
        0,
        0,
        0,
        0,
        0,
        0,
        null,
        null,
        0,
        null,
        null,
        1,
        0,
        0,
        0,
        0,
        null,
        null,
        1,
        0,
        0,
        0,
        null,
        0,
        0,
        0,
        null,
        null,
        1,
        0,
        0,
        0,
        null,
        0,
        0,
        0,
        null,
        null,
        1,
        0,
        0,
        0,
        0,
        0,
        0,
        null,
        null,
        null,
        1,
        0,
        0,
        0,
        0,
        null,
        null,
        1,
        0,
        0,
        null,
        0,
        0,
        0,
        0,
        0,
        null,
        null,
        null,
        0,
        0,
        0,
        0,
        null,
        null,
        0,
        null,
        null,
        1,
        1,
        2,
        null,
        null,
        null
      ],
      "/mnt/hgfs/www/ss/app/controllers/concerns/cms/release_filter.rb": [
        null,
        1,
        1,
        null,
        1,
        1,
        3,
        null,
        3,
        3,
        null,
        3,
        3,
        null,
        null
      ],
      "/mnt/hgfs/www/ss/app/controllers/concerns/cms/release_filter/layout.rb": [
        null,
        1,
        1,
        1,
        null,
        1,
        1,
        0,
        0,
        0,
        null,
        null,
        1,
        0,
        0,
        0,
        0,
        null,
        null,
        null,
        1,
        0,
        0,
        0,
        0,
        0,
        null,
        0,
        null,
        null,
        null,
        1,
        1,
        null,
        1,
        1,
        null,
        1,
        1,
        null,
        null,
        1,
        0,
        0,
        0,
        null,
        null,
        1,
        0,
        0,
        0,
        0,
        0,
        null,
        null,
        1,
        0,
        0,
        0,
        null,
        null,
        null,
        1,
        0,
        0,
        0,
        0,
        null,
        0,
        0,
        null,
        0,
        0,
        0,
        null,
        0,
        0,
        0,
        0,
        0,
        null,
        null,
        0,
        0,
        null,
        0,
        0,
        0,
        null,
        null,
        0,
        null,
        0,
        null,
        null
      ],
      "/mnt/hgfs/www/ss/app/controllers/concerns/cms/release_filter/page.rb": [
        null,
        1,
        1,
        1,
        1,
        null,
        1,
        1,
        0,
        0,
        0,
        null,
        null,
        1,
        3,
        3,
        null,
        3,
        3,
        3,
        null,
        null,
        1,
        0,
        0,
        0,
        0,
        0,
        null,
        null,
        null,
        1,
        3,
        null,
        3,
        3,
        3,
        null,
        3,
        null,
        3,
        3,
        null,
        3,
        0,
        null,
        null,
        3,
        3,
        null,
        null
      ],
      "/mnt/hgfs/www/ss/app/controllers/concerns/kana/public_filter.rb": [
        null,
        1,
        1,
        null,
        1,
        1,
        null,
        null,
        1,
        1,
        1,
        null,
        null,
        1,
        1,
        0,
        0,
        null,
        null,
        1,
        1,
        0,
        null,
        0,
        0,
        null,
        0,
        null,
        null
      ],
      "/mnt/hgfs/www/ss/config/initializers/mime_types.rb": [
        null,
        null,
        null,
        null
      ],
      "/mnt/hgfs/www/ss/config/initializers/mobile/initialize.rb": [
        null,
        null,
        1
      ],
      "/mnt/hgfs/www/ss/app/models/mobile/initializer.rb": [
        null,
        1,
        1,
        1,
        null,
        null
      ],
      "/mnt/hgfs/www/ss/app/controllers/concerns/mobile/public_filter.rb": [
        null,
        1,
        1,
        null,
        1,
        1,
        null,
        null,
        1,
        1,
        1,
        null,
        null,
        1,
        1,
        0,
        0,
        null,
        null,
        1,
        1,
        0,
        null,
        0,
        0,
        null,
        null,
        null,
        0,
        0,
        null,
        null,
        0,
        0,
        null,
        null,
        0,
        0,
        0,
        null,
        null,
        0,
        0,
        0,
        0,
        0,
        0,
        0,
        0,
        0,
        null,
        0,
        null,
        0,
        null,
        null
      ],
      "/mnt/hgfs/www/ss/config/initializers/session_store.rb": [
        null,
        null,
        1
      ],
      "/mnt/hgfs/www/ss/config/initializers/simple_captcha.rb": [
        1,
        null,
        1,
        null
      ],
      "/mnt/hgfs/www/ss/config/initializers/ss/i18n_erb_loader.rb": [
        null,
        1,
        1,
        1,
        null,
        1,
        1,
        0,
        0,
        0,
        0,
        0,
        0,
        null,
        null,
        null,
        null,
        null,
        null
      ],
      "/mnt/hgfs/www/ss/config/initializers/wrap_parameters.rb": [
        null,
        null,
        null,
        null,
        null,
        null,
        1,
        1,
        null
      ],
      "/mnt/hgfs/www/ss/spec/factories/article/nodes.rb": [
        1,
        1,
        1,
        null,
        null,
        1,
        1,
        null,
        null
      ],
      "/mnt/hgfs/www/ss/app/models/article/node.rb": [
        null,
        1,
        1,
        1,
        null,
        4,
        null,
        null,
        1,
        1,
        1,
        null,
        4,
        null,
        null
      ],
      "/mnt/hgfs/www/ss/app/models/cms/node.rb": [
        null,
        1,
        1,
        1,
        null,
        1,
        null,
        1,
        1,
        null,
        4,
        null,
        null,
        1,
        1,
        1,
        null,
        6,
        null,
        null,
        1,
        1,
        1,
        null,
        4,
        null,
        null,
        1,
        1,
        null,
        1,
        10,
        10,
        10,
        null,
        null,
        1,
        0,
        null,
        null,
        1,
        0,
        0,
        null,
        null,
        null
      ],
      "/mnt/hgfs/www/ss/app/models/concerns/cms/node/model.rb": [
        null,
        1,
        1,
        1,
        1,
        1,
        1,
        1,
        1,
        1,
        1,
        null,
        1,
        null,
        1,
        19,
        19,
        null,
        19,
        null,
        19,
        null,
        null,
        19,
        19,
        19,
        19,
        19,
        19,
        19,
        19,
        null,
        19,
        null,
        19,
        19,
        19,
        19,
        null,
        19,
        19,
        41,
        null,
        38,
        38,
        19,
        19,
        null,
        null,
        1,
        1,
        3,
        null,
        null,
        1,
        0,
        null,
        null,
        null,
        1,
        1,
        1,
        1,
        null,
        1,
        1,
        4,
        1,
        null,
        null,
        1,
        1,
        null,
        null,
        1,
        1,
        null,
        null,
        1,
        1,
        null,
        null,
        1,
        1,
        null,
        null,
        1,
        1,
        null,
        null,
        1,
        20,
        null,
        null,
        null,
        null,
        null,
        null,
        1,
        0,
        null,
        null,
        1,
        1,
        2,
        1,
        1,
        null,
        null,
        1,
        0,
        0,
        null,
        0,
        0,
        0,
        null,
        0,
        null,
        null,
        1,
        2,
        null,
        null,
        1,
        1,
        null,
        null,
        1,
        1,
        null,
        null,
        1,
        1,
        null,
        null,
        1,
        1,
        null,
        null,
        1,
        0,
        null,
        null,
        1,
        0,
        null,
        null,
        1,
        0,
        null,
        null,
        1,
        0,
        0,
        null,
        null,
        1,
        1,
        22,
        0,
        22,
        0,
        null,
        null,
        null,
        1,
        22,
        0,
        0,
        null,
        22,
        21,
        null,
        null,
        null,
        1,
        21,
        null,
        null,
        1,
        19,
        19,
        null,
        0,
        0,
        0,
        null,
        0,
        0,
        0,
        0,
        0,
        null,
        null,
        null,
        null,
        1,
        0,
        null,
        null,
        1,
        0,
        0,
        null,
        null,
        null
      ],
      "/mnt/hgfs/www/ss/app/models/concerns/ss/translation.rb": [
        null,
        1,
        1,
        876,
        null,
        null
      ],
      "/mnt/hgfs/www/ss/app/models/concerns/ss/document.rb": [
        null,
        1,
        1,
        1,
        1,
        1,
        null,
        1,
        46,
        255,
        255,
        46,
        46,
        null,
        null,
        1,
        1,
        0,
        null,
        null,
        1,
        0,
        0,
        0,
        0,
        0,
        null,
        0,
        0,
        0,
        null,
        0,
        0,
        0,
        0,
        0,
        0,
        0,
        null,
        null,
        1,
        45,
        null,
        45,
        45,
        45,
        null,
        45,
        null,
        null,
        1,
        0,
        0,
        0,
        null,
        null,
        1,
        87,
        87,
        96,
        null,
        null,
        1,
        0,
        null,
        null,
        1,
        209,
        209,
        null,
        null,
        1,
        28,
        null,
        null,
        1,
        null,
        118,
        null,
        null,
        1,
        677,
        null,
        null,
        1,
        0,
        0,
        null,
        null,
        null,
        1,
        1,
        0,
        null,
        null,
        1,
        0,
        null,
        null,
        1,
        0,
        0,
        null,
        0,
        null,
        null,
        null,
        null,
        1,
        1,
        165,
        null,
        null,
        1,
        165,
        165,
        null,
        null
      ],
      "/mnt/hgfs/www/ss/app/models/concerns/ss/fields/sequencer.rb": [
        null,
        1,
        1,
        null,
        1,
        1,
        45,
        45,
        45,
        null,
        null,
        null,
        1,
        1,
        164,
        null,
        null,
        1,
        0,
        null,
        null,
        1,
        1,
        164,
        164,
        164,
        null,
        null,
        null
      ],
      "/mnt/hgfs/www/ss/app/models/ss/reference.rb": [
        null,
        1,
        1,
        1,
        1,
        null,
        1,
        null,
        1,
        37,
        null,
        37,
        null,
        null,
        97,
        null,
        null,
        1,
        1,
        0,
        null,
        null,
        null,
        1,
        1,
        1,
        null,
        1,
        null,
        1,
        46,
        null,
        36,
        null,
        36,
        94,
        null,
        null,
        1,
        1,
        0,
        null,
        null,
        null
      ],
      "/mnt/hgfs/www/ss/app/models/cms/reference.rb": [
        null,
        1,
        null,
        1,
        1,
        null,
        1,
        3,
        3,
        null,
        3,
        3,
        0,
        null,
        null,
        null,
        null,
        1,
        1,
        null,
        1,
        22,
        22,
        null,
        null,
        null,
        1,
        1,
        null,
        1,
        19,
        19,
        null,
        null,
        null
      ],
      "/mnt/hgfs/www/ss/app/models/cms/addon.rb": [
        null,
        1,
        1,
        1,
        1,
        null,
        1,
        null,
        1,
        3,
        3,
        null,
        null,
        null,
        1,
        1,
        1,
        null,
        1,
        null,
        1,
        1,
        1,
        null,
        null,
        null,
        1,
        1,
        1,
        null,
        1,
        null,
        1,
        22,
        22,
        22,
        22,
        null,
        null,
        1,
        0,
        0,
        0,
        null,
        null,
        null,
        1,
        1,
        1,
        null,
        1,
        null,
        1,
        2,
        2,
        null,
        null,
        null,
        1,
        1,
        1,
        null,
        1,
        null,
        1,
        3,
        3,
        3,
        null,
        null,
        null,
        1,
        1,
        1,
        null,
        1,
        null,
        1,
        null,
        3,
        3,
        3,
        null,
        3,
        null,
        null,
        1,
        12,
        9,
        null,
        null,
        12,
        0,
        0,
        null,
        null,
        null,
        null,
        null,
        1,
        1,
        1,
        null,
        1,
        null,
        1,
        1,
        1,
        1,
        1,
        null,
        1,
        null,
        null,
        1,
        1,
        0,
        0,
        null,
        null,
        1,
        0,
        0,
        null,
        null,
        1,
        0,
        null,
        null,
        1,
        1,
        1,
        0,
        null,
        null,
        null,
        null,
        1,
        1,
        1,
        1,
        null,
        1,
        null,
        1,
        1,
        0,
        null,
        null,
        null,
        null,
        1,
        0,
        0,
        null,
        null,
        null,
        1,
        1,
        1,
        1,
        null,
        1,
        null,
        1,
        1,
        0,
        null,
        null,
        null,
        null,
        1,
        0,
        0,
        null,
        null,
        null
      ],
      "/mnt/hgfs/www/ss/app/models/concerns/ss/addon.rb": [
        null,
        1,
        1,
        24,
        null,
        null,
        1,
        1,
        40,
        null,
        null,
        1,
        24,
        null,
        null,
        null,
        null,
        null,
        null,
        null,
        null,
        null,
        1,
        142,
        null,
        null
      ],
      "/mnt/hgfs/www/ss/app/models/cms/addon/list.rb": [
        null,
        1,
        1,
        1,
        1,
        null,
        1,
        11,
        11,
        11,
        11,
        11,
        11,
        11,
        11,
        null,
        11,
        null,
        null,
        1,
        1,
        0,
        null,
        null,
        1,
        0,
        null,
        null,
        1,
        0,
        0,
        null,
        null,
        1,
        0,
        0,
        null,
        null,
        1,
        0,
        null,
        null,
        1,
        0,
        0,
        null,
        0,
        0,
        0,
        0,
        null,
        0,
        null,
        null,
        0,
        0,
        null,
        null,
        0,
        0,
        0,
        0,
        0,
        null,
        0,
        null,
        0,
        null,
        null,
        1,
        0,
        0,
        0,
        null,
        null,
        null,
        1,
        0,
        0,
        0,
        0,
        0,
        0,
        0,
        0,
        0,
        0,
        0,
        0,
        0,
        0,
        null,
        0,
        null,
        null,
        null,
        1,
        1,
        11,
        0,
        null,
        null,
        null,
        null
      ],
      "/mnt/hgfs/www/ss/app/models/cms/addon/owner_permission.rb": [
        null,
        1,
        1,
        1,
        1,
        null,
        1,
        null,
        1,
        33,
        null,
        33,
        33,
        33,
        null,
        33,
        0,
        0,
        0,
        null,
        null,
        0,
        null,
        null,
        null,
        null,
        1,
        1,
        36,
        null,
        null,
        1,
        0,
        0,
        null,
        0,
        null,
        null,
        null,
        1,
        0,
        null,
        null,
        1,
        0,
        null,
        0,
        0,
        0,
        null,
        0,
        null,
        null,
        0,
        0,
        0,
        null,
        0,
        null,
        null,
        null,
        0,
        null,
        null,
        null,
        null,
        1,
        0,
        null,
        null,
        1,
        0,
        0,
        null,
        0,
        0,
        0,
        0,
        null,
        0,
        0,
        null,
        null,
        0,
        0,
        null,
        null,
        0,
        0,
        0,
        null,
        0,
        null,
        0,
        null,
        null,
        null,
        null
      ],
      "/mnt/hgfs/www/ss/app/models/concerns/ss/extensions/object_ids.rb": [
        null,
        1,
        1,
        417,
        null,
        null,
        1,
        1,
        9,
        null,
        null,
        1,
        417,
        0,
        0,
        null,
        417,
        null,
        417,
        0,
        null,
        null,
        null,
        1,
        0,
        0,
        0,
        null,
        null,
        null,
        null
      ],
      "/mnt/hgfs/www/ss/app/models/concerns/ss/extensions/words.rb": [
        null,
        1,
        1,
        3,
        null,
        null,
        1,
        68,
        null,
        null,
        1,
        1,
        42,
        null,
        null,
        1,
        82,
        0,
        68,
        14,
        null,
        null,
        null,
        1,
        20,
        0,
        20,
        null,
        null,
        null,
        null
      ],
      "/mnt/hgfs/www/ss/spec/factories/article/pages.rb": [
        1,
        1,
        1,
        1,
        null,
        null
      ],
      "/mnt/hgfs/www/ss/app/models/article/page.rb": [
        null,
        1,
        1,
        null,
        19,
        1,
        null,
        2,
        null,
        1,
        1,
        4,
        null,
        null,
        1,
        0,
        null,
        null,
        1,
        1,
        1,
        null,
        3,
        2,
        1,
        1,
        7,
        7,
        null,
        null,
        null,
        null,
        null
      ],
      "/mnt/hgfs/www/ss/app/models/cms/page.rb": [
        null,
        1,
        1,
        1,
        1,
        null,
        1,
        null,
        null,
        null
      ],
      "/mnt/hgfs/www/ss/app/models/concerns/cms/page/model.rb": [
        null,
        1,
        1,
        1,
        1,
        1,
        1,
        null,
        1,
        3,
        3,
        null,
        8,
        3,
        null,
        6,
        6,
        6,
        3,
        null,
        null,
        1,
        1,
        3,
        3,
        null,
        3,
        3,
        12,
        3,
        null,
        null,
        null,
        null,
        null,
        null,
        1,
        3,
        3,
        null,
        null,
        1,
        1,
        3,
        3,
        null,
        0,
        0,
        0,
        null,
        null,
        1,
        0,
        null,
        null
      ],
      "/mnt/hgfs/www/ss/app/models/concerns/cms/page/feature.rb": [
        null,
        1,
        1,
        1,
        1,
        1,
        1,
        null,
        1,
        null,
        1,
        14,
        null,
        null,
        null,
        14,
        14,
        14,
        14,
        14,
        14,
        14,
        14,
        null,
        14,
        null,
        14,
        14,
        14,
        null,
        14,
        14,
        43,
        null,
        null,
        1,
        1,
        10,
        null,
        null,
        1,
        0,
        null,
        null,
        1,
        0,
        0,
        null,
        0,
        0,
        0,
        null,
        0,
        null,
        null,
        null,
        1,
        1,
        5,
        5,
        null,
        null,
        1,
        34,
        null,
        null,
        1,
        13,
        null,
        null,
        1,
        11,
        null,
        null,
        1,
        5,
        null,
        null,
        1,
        4,
        null,
        null,
        1,
        0,
        null,
        null,
        1,
        25,
        null,
        null,
        1,
        4,
        null,
        null,
        1,
        3,
        3,
        3,
        null,
        0,
        0,
        0,
        0,
        null,
        null,
        1,
        1,
        null,
        null,
        1,
        0,
        0,
        null,
        null,
        1,
        1,
        18,
        null,
        null,
        1,
        29,
        0,
        29,
        0,
        null,
        null,
        null,
        1,
        29,
        0,
        0,
        null,
        29,
        24,
        null,
        24,
        24,
        null,
        null,
        1,
        24,
        null,
        null
      ],
      "/mnt/hgfs/www/ss/app/models/faq/reference.rb": [
        null,
        1,
        null,
        1,
        1,
        null,
        1,
        3,
        3,
        null,
        null,
        null
      ],
      "/mnt/hgfs/www/ss/spec/factories/article/parts.rb": [
        1,
        1,
        1,
        null,
        null
      ],
      "/mnt/hgfs/www/ss/app/models/article/part.rb": [
        null,
        1,
        1,
        1,
        1,
        null,
        4,
        null,
        null
      ],
      "/mnt/hgfs/www/ss/app/models/cms/part.rb": [
        null,
        1,
        1,
        1,
        null,
        1,
        null,
        1,
        1,
        null,
        4,
        null,
        null,
        1,
        1,
        1,
        null,
        6,
        null,
        1,
        0,
        null,
        null,
        null,
        1,
        1,
        1,
        null,
        4,
        null,
        null,
        1,
        1,
        1,
        null,
        4,
        null,
        null,
        1,
        1,
        1,
        null,
        4,
        null,
        null,
        1,
        1,
        null,
        4,
        null,
        1,
        1,
        null,
        1,
        0,
        null,
        null,
        1,
        0,
        0,
        null,
        null,
        null,
        1,
        1,
        null,
        1,
        7,
        7,
        7,
        null,
        null,
        1,
        0,
        null,
        null,
        null
      ],
      "/mnt/hgfs/www/ss/app/models/concerns/cms/part/model.rb": [
        null,
        1,
        1,
        1,
        1,
        null,
        1,
        10,
        10,
        null,
        10,
        10,
        10,
        null,
        10,
        null,
        null,
        1,
        1,
        0,
        null,
        null,
        1,
        1,
        1,
        null,
        1,
        1,
        4,
        1,
        null,
        null,
        1,
        0,
        null,
        null,
        1,
        0,
        null,
        null,
        1,
        1,
        24,
        null,
        null,
        1,
        10,
        null,
        10,
        null,
        10,
        0,
        null,
        null,
        null
      ],
      "/mnt/hgfs/www/ss/spec/factories/category/nodes.rb": [
        1,
        1,
        1,
        null,
        null,
        1,
        1,
        null,
        null,
        1,
        1,
        null,
        null
      ],
      "/mnt/hgfs/www/ss/app/models/category/node.rb": [
        null,
        1,
        1,
        1,
        null,
        4,
        null,
        null,
        1,
        1,
        1,
        null,
        4,
        null,
        null,
        1,
        1,
        1,
        null,
        4,
        null,
        null
      ],
      "/mnt/hgfs/www/ss/spec/factories/category/parts.rb": [
        1,
        1,
        1,
        null,
        null,
        1,
        1,
        null,
        null
      ],
      "/mnt/hgfs/www/ss/app/models/category/part.rb": [
        null,
        1,
        1,
        1,
        null,
        4,
        null,
        null,
        1,
        1,
        1,
        null,
        4,
        null,
        null
      ],
      "/mnt/hgfs/www/ss/spec/factories/cms/layouts.rb": [
        1,
        1,
        1,
        1,
        1,
        1,
        null,
        null,
        1,
        null,
        null,
        null
      ],
      "/mnt/hgfs/www/ss/app/models/cms/layout.rb": [
        null,
        1,
        1,
        1,
        null,
        1,
        null
      ],
      "/mnt/hgfs/www/ss/app/models/concerns/cms/layout/model.rb": [
        null,
        1,
        1,
        1,
        1,
        1,
        null,
        1,
        1,
        1,
        null,
        1,
        1,
        1,
        null,
        1,
        1,
        1,
        2,
        2,
        2,
        1,
        null,
        null,
        1,
        1,
        4,
        0,
        0,
        null,
        0,
        0,
        0,
        0,
        null,
        null,
        null,
        1,
        2,
        null,
        null,
        null,
        null,
        null,
        null,
        null,
        null,
        null,
        null,
        null,
        null,
        null,
        2,
        null,
        2,
        2,
        null,
        2,
        null,
        null,
        1,
        1,
        1,
        null,
        null,
        1,
        1,
        6,
        null,
        null,
        1,
        1,
        null,
        0,
        0,
        0,
        null,
        0,
        null,
        null,
        1,
        1,
        null,
        null,
        1,
        1,
        null,
        null,
        1,
        1,
        1,
        null,
        0,
        0,
        0,
        null,
        0,
        0,
        0,
        null,
        null,
        1,
        0,
        0,
        null,
        null
      ],
      "/mnt/hgfs/www/ss/spec/factories/cms/member.rb": [
        1,
        1,
        1,
        1,
        1,
        1,
        null,
        null
      ],
      "/mnt/hgfs/www/ss/app/models/cms/member.rb": [
        null,
        1,
        1,
        1,
        null
      ],
      "/mnt/hgfs/www/ss/app/models/concerns/cms/member/model.rb": [
        null,
        1,
        1,
        1,
        1,
        1,
        1,
        null,
        1,
        null,
        1,
        1,
        1,
        null,
        1,
        null,
        1,
        1,
        1,
        1,
        1,
        1,
        1,
        null,
        1,
        null,
        1,
        null,
        1,
        16,
        5,
        null,
        5,
        null,
        null,
        1,
        1,
        3,
        null,
        null
      ],
      "/mnt/hgfs/www/ss/app/models/cms/addon/permission.rb": [
        null,
        1,
        1,
        1,
        null,
        1,
        5,
        5,
        null,
        null,
        1,
        1,
        5,
        5,
        null,
        null,
        1,
        0,
        0,
        null,
        0,
        null,
        null,
        null,
        1,
        0,
        null,
        null,
        1,
        0,
        null,
        0,
        0,
        null,
        0,
        null,
        null,
        0,
        0,
        null,
        null,
        null,
        1,
        0,
        0,
        null,
        0,
        0,
        null,
        0,
        null,
        null,
        0,
        0,
        null,
        null,
        null
      ],
      "/mnt/hgfs/www/ss/app/validators/email_validator.rb": [
        null,
        1,
        1,
        72,
        69,
        null,
        null
      ],
      "/mnt/hgfs/www/ss/spec/factories/cms/nodes.rb": [
        1,
        1,
        1,
        1,
        1,
        1,
        1,
        null,
        null,
        1,
        1,
        null,
        null,
        1,
        1,
        null,
        null,
        1,
        1,
        null,
        null,
        1,
        1,
        null,
        null
      ],
      "/mnt/hgfs/www/ss/spec/factories/cms/pages.rb": [
        1,
        1,
        1,
        1,
        1,
        1,
        1,
        null,
        null,
        1,
        null,
        null,
        null
      ],
      "/mnt/hgfs/www/ss/spec/factories/cms/parts.rb": [
        1,
        1,
        1,
        1,
        1,
        1,
        1,
        null,
        null,
        1,
        1,
        null,
        null,
        1,
        1,
        null,
        null,
        1,
        1,
        null,
        null,
        1,
        1,
        null,
        null,
        1,
        1,
        null,
        null,
        1,
        1,
        null,
        null,
        1,
        1,
        null,
        null
      ],
      "/mnt/hgfs/www/ss/spec/factories/cms/roles.rb": [
        1,
        1,
        1,
        1,
        1,
        1,
        1,
        null,
        null,
        1,
        1,
        null,
        null
      ],
      "/mnt/hgfs/www/ss/app/models/cms/role.rb": [
        null,
        1,
        1,
        1,
        1,
        1,
        null,
        1,
        null,
        3,
        null,
        1,
        1,
        1,
        1,
        1,
        null,
        1,
        1,
        null,
        null,
        1,
        1,
        0,
        null,
        null,
        1,
        1,
        50,
        null,
        null,
        null,
        null
      ],
      "/mnt/hgfs/www/ss/app/models/concerns/ss/extensions/array.rb": [
        null,
        1,
        1,
        1,
        5,
        0,
        0,
        5,
        5,
        5,
        null,
        null,
        null,
        null
      ],
      "/mnt/hgfs/www/ss/spec/factories/event/nodes.rb": [
        1,
        1,
        1,
        null,
        null,
        1,
        1,
        null,
        null
      ],
      "/mnt/hgfs/www/ss/app/models/event/node.rb": [
        null,
        1,
        1,
        1,
        null,
        4,
        null,
        null,
        1,
        1,
        1,
        null,
        4,
        null,
        null
      ],
      "/mnt/hgfs/www/ss/app/models/event/addon.rb": [
        null,
        1,
        1,
        1,
        1,
        null,
        1,
        null,
        1,
        3,
        3,
        3,
        null,
        3,
        null,
        null,
        1,
        12,
        null,
        12,
        0,
        0,
        null,
        null,
        null,
        null,
        1,
        1,
        1,
        1,
        null,
        1,
        null,
        null
      ],
      "/mnt/hgfs/www/ss/spec/factories/faq/nodes.rb": [
        1,
        1,
        1,
        null,
        null,
        1,
        1,
        null,
        null
      ],
      "/mnt/hgfs/www/ss/app/models/faq/node.rb": [
        null,
        1,
        1,
        1,
        null,
        4,
        null,
        null,
        1,
        1,
        1,
        null,
        4,
        null,
        null
      ],
      "/mnt/hgfs/www/ss/spec/factories/faq/pages.rb": [
        1,
        1,
        1,
        1,
        null,
        null
      ],
      "/mnt/hgfs/www/ss/app/models/faq/page.rb": [
        null,
        1,
        1,
        null,
        19,
        1,
        1,
        null,
        2,
        null,
        1,
        1,
        4,
        null,
        null,
        1,
        0,
        null,
        null,
        1,
        1,
        1,
        null,
        3,
        1,
        8,
        8,
        null,
        null,
        1,
        1,
        1,
        1,
        null,
        null,
        null,
        null,
        null
      ],
      "/mnt/hgfs/www/ss/spec/factories/history/logs.rb": [
        1,
        1,
        1,
        1,
        1,
        1,
        1,
        1,
        1,
        null,
        null
      ],
      "/mnt/hgfs/www/ss/app/models/history/log.rb": [
        null,
        1,
        1,
        1,
        null,
        null,
        1,
        null,
        1,
        null,
        1,
        null,
        1,
        1,
        1,
        1,
        1,
        null,
        1,
        null,
        null,
        null,
        1,
        1,
        1,
        null,
        1,
        1,
        null,
        0,
        null,
        null,
        null,
        null,
        null,
        null,
        1,
        null,
        0,
        null,
        null,
        null,
        null,
        null,
        1,
        0,
        null,
        null,
        1,
        0,
        0,
        0,
        0,
        null,
        0,
        0,
        null,
        null,
        null,
        1,
        1,
        1,
        0,
        null,
        0,
        null,
        null,
        null,
        0,
        null,
        null,
        0,
        null,
        0,
        null,
        null,
        null,
        0,
        null,
        null,
        null,
        null
      ],
      "/mnt/hgfs/www/ss/spec/factories/inquiry/nodes.rb": [
        1,
        1,
        1,
        null,
        null,
        1,
        1,
        null,
        null
      ],
      "/mnt/hgfs/www/ss/app/models/inquiry/node.rb": [
        null,
        1,
        1,
        1,
        null,
        4,
        null,
        null,
        1,
        1,
        null,
        7,
        null,
        null
      ],
      "/mnt/hgfs/www/ss/spec/factories/ss/groups.rb": [
        1,
        1,
        1,
        null,
        null
      ],
      "/mnt/hgfs/www/ss/app/models/ss/group.rb": [
        null,
        1,
        1,
        null
      ],
      "/mnt/hgfs/www/ss/app/models/concerns/ss/group/model.rb": [
        null,
        1,
        1,
        1,
        1,
        null,
        1,
        null,
        1,
        2,
        null,
        2,
        2,
        2,
        null,
        2,
        2,
        4,
        null,
        null,
        1,
        1,
        4,
        0,
        null,
        null,
        null,
        1,
        1,
        2,
        2,
        0,
        null,
        0,
        0,
        null,
        0,
        0,
        0,
        null,
        null,
        null
      ],
      "/mnt/hgfs/www/ss/spec/factories/ss/sites.rb": [
        1,
        1,
        1,
        1,
        1,
        null,
        null,
        null
      ],
      "/mnt/hgfs/www/ss/app/models/ss/site.rb": [
        null,
        1,
        1,
        null
      ],
      "/mnt/hgfs/www/ss/app/models/concerns/ss/site/model.rb": [
        null,
        1,
        1,
        1,
        1,
        null,
        1,
        2,
        2,
        2,
        null,
        2,
        2,
        2,
        2,
        2,
        null,
        2,
        null,
        2,
        2,
        2,
        2,
        null,
        2,
        2,
        null,
        2,
        27,
        null,
        null,
        2,
        20,
        null,
        null,
        2,
        17,
        null,
        null,
        2,
        8,
        null,
        null,
        2,
        2,
        20,
        null,
        null,
        null,
        null
      ],
      "/mnt/hgfs/www/ss/spec/factories/ss/users.rb": [
        1,
        1,
        1,
        1,
        1,
        null,
        null,
        null
      ],
      "/mnt/hgfs/www/ss/app/models/ss/user.rb": [
        null,
        1,
        1,
        1,
        null,
        1,
        null
      ],
      "/mnt/hgfs/www/ss/app/models/concerns/ss/user/model.rb": [
        null,
        1,
        1,
        1,
        1,
        1,
        1,
        null,
        1,
        null,
        1,
        3,
        3,
        null,
        3,
        3,
        3,
        3,
        3,
        3,
        null,
        3,
        null,
        3,
        3,
        3,
        null,
        71,
        null,
        3,
        3,
        0,
        null,
        null,
        null,
        1,
        66,
        null,
        null
      ],
      "/mnt/hgfs/www/ss/app/models/sys/reference.rb": [
        null,
        1,
        null,
        1,
        1,
        null,
        1,
        3,
        3,
        null,
        null,
        null,
        null
      ],
      "/mnt/hgfs/www/ss/spec/factories/sys/roles.rb": [
        1,
        1,
        1,
        1,
        1,
        null,
        null,
        null
      ],
      "/mnt/hgfs/www/ss/app/models/sys/role.rb": [
        null,
        1,
        1,
        1,
        1,
        null,
        1,
        null,
        3,
        null,
        1,
        1,
        null,
        1,
        1,
        null,
        1,
        null,
        1,
        null,
        null,
        null,
        null,
        null,
        1,
        1,
        2,
        null,
        null,
        null
      ],
      "/mnt/hgfs/www/ss/app/models/sys/addon.rb": [
        null,
        1,
        1,
        1,
        1,
        null,
        1,
        null,
        1,
        1,
        1,
        null,
        null,
        null
      ],
      "/mnt/hgfs/www/ss/app/models/sys/addon/permission.rb": [
        null,
        1,
        1,
        1,
        null,
        1,
        2,
        null,
        null,
        1,
        1,
        2,
        null,
        null,
        1,
        0,
        0,
        null,
        0,
        null,
        null,
        null,
        1,
        0,
        null,
        null,
        1,
        0,
        0,
        null,
        null,
        0,
        0,
        null,
        null,
        0,
        null,
        null,
        null,
        null,
        1,
        0,
        null,
        null,
        0,
        0,
        null,
        null,
        null,
        null
      ],
      "/mnt/hgfs/www/ss/spec/factories/uploader/nodes.rb": [
        1,
        1,
        1,
        null,
        null,
        1,
        1,
        null,
        null
      ],
      "/mnt/hgfs/www/ss/app/models/uploader/node.rb": [
        null,
        1,
        1,
        1,
        null,
        4,
        null,
        null,
        1,
        1,
        null,
        4,
        null,
        null
      ],
      "/mnt/hgfs/www/ss/spec/factories/urgency/nodes.rb": [
        1,
        1,
        1,
        null,
        null,
        1,
        1,
        null,
        1,
        null,
        null
      ],
      "/mnt/hgfs/www/ss/app/models/urgency/node.rb": [
        null,
        1,
        1,
        1,
        null,
        4,
        null,
        null,
        1,
        1,
        1,
        null,
        4,
        null,
        null
      ],
      "/mnt/hgfs/www/ss/app/models/urgency/addon.rb": [
        null,
        1,
        1,
        1,
        1,
        null,
        1,
        null,
        1,
        1,
        1,
        null,
        1,
        null,
        null,
        null
      ],
      "/mnt/hgfs/www/ss/config/routes.rb": [
        null,
        1,
        1,
        9,
        9,
        18,
        null,
        null,
        1,
        8,
        8,
        16,
        null,
        null,
        1,
        4,
        4,
        8,
        null,
        null,
        1,
        3,
        3,
        6,
        null,
        null,
        1,
        1,
        1,
        2,
        null,
        null,
        null,
        1,
        null,
        1,
        null,
        1,
        1,
        1,
        null,
        null,
        1,
        1,
        1,
        1,
        null,
        null,
        null
      ],
      "/mnt/hgfs/www/ss/app/models/ss/initializer.rb": [
        null,
        1,
        1,
        1,
        1,
        1,
        null,
        null
      ],
      "/mnt/hgfs/www/ss/app/models/ss/config.rb": [
        null,
        1,
        3,
        null,
        1,
        4,
        null,
        null,
        1,
        1,
        1,
        null,
        1,
        1,
        1,
        1,
        null,
        5,
        1,
        null,
        null,
        null
      ],
      "/mnt/hgfs/www/ss/lib/ss/helpers/form_builder.rb": [
        null,
        1,
        1,
        1,
        1,
        0,
        null,
        0,
        0,
        0,
        null,
        0,
        0,
        null,
        null,
        0,
        0,
        0,
        null,
        0,
        null,
        null,
        1,
        0,
        null,
        0,
        0,
        0,
        0,
        null,
        0,
        null,
        null,
        0,
        null,
        null,
        1,
        1,
        0,
        0,
        null,
        0,
        0,
        null,
        0,
        null,
        null,
        null,
        null
      ],
      "/mnt/hgfs/www/ss/app/mailers/application_mailer.rb": [
        null,
        1,
        1,
        1,
        1,
        1,
        1,
        0,
        null,
        1,
        null,
        null,
        0,
        0,
        0,
        0,
        0,
        null,
        null,
        null,
        null,
        null,
        null,
        null,
        null,
        0,
        0,
        null,
        null,
        null,
        null,
        null,
        null,
        null,
        null
      ],
      "/mnt/hgfs/www/ss/config/routes/article/routes.rb": [
        null,
        1,
        null,
        1,
        null,
        1,
        1,
        null,
        null,
        1,
        1,
        1,
        null,
        null,
        1,
        1,
        1,
        null,
        null,
        1,
        1,
        null,
        null,
        1,
        1,
        null,
        null,
        null
      ],
      "/mnt/hgfs/www/ss/app/models/article/initializer.rb": [
        null,
        1,
        1,
        1,
        1,
        null,
        1,
        1,
        1,
        1,
        1,
        1,
        null,
        null,
        1,
        1,
        0,
        null,
        null,
        1,
        null,
        null
      ],
      "/mnt/hgfs/www/ss/app/models/concerns/ss/addon/name.rb": [
        null,
        1,
        1,
        40,
        40,
        null,
        null,
        1,
        20,
        null,
        null,
        1,
        0,
        null,
        null,
        1,
        54,
        null,
        null,
        1,
        0,
        null,
        null,
        1,
        27,
        27,
        27,
        0,
        0,
        null,
        null,
        null
      ],
      "/mnt/hgfs/www/ss/config/routes/category/routes.rb": [
        null,
        1,
        null,
        1,
        null,
        1,
        1,
        null,
        null,
        1,
        1,
        1,
        null,
        null,
        1,
        1,
        1,
        1,
        1,
        null,
        null,
        1,
        1,
        null,
        null,
        null
      ],
      "/mnt/hgfs/www/ss/app/models/category/initializer.rb": [
        null,
        1,
        1,
        1,
        1,
        1,
        null,
        1,
        1,
        1,
        null,
        null
      ],
      "/mnt/hgfs/www/ss/app/models/category/addon.rb": [
        null,
        1,
        1,
        1,
        1,
        null,
        1,
        null,
        null,
        1,
        1,
        1,
        null,
        1,
        2,
        2,
        null,
        null,
        1,
        null,
        null
      ],
      "/mnt/hgfs/www/ss/config/routes/cms/routes.rb": [
        null,
        1,
        null,
        1,
        null,
        null
      ],
      "/mnt/hgfs/www/ss/app/models/cms/initializer.rb": [
        null,
        1,
        1,
        1,
        1,
        1,
        1,
        1,
        1,
        null,
        1,
        1,
        1,
        1,
        1,
        1,
        1,
        null,
        1,
        1,
        1,
        1,
        1,
        1,
        1,
        1,
        1,
        1,
        1,
        1,
        1,
        1,
        1,
        1,
        1,
        1,
        1,
        1,
        1,
        1,
        1,
        1,
        1,
        1,
        null,
        null
      ],
      "/mnt/hgfs/www/ss/app/models/cms/user.rb": [
        null,
        1,
        1,
        1,
        null,
        1,
        null,
        1,
        null,
        1,
        null,
        1,
        1,
        0,
        0,
        null,
        null,
        1,
        1,
        0,
        null,
        null,
        1,
        1,
        1,
        0,
        0,
        null,
        null,
        null
      ],
      "/mnt/hgfs/www/ss/app/models/cms/addon/file.rb": [
        null,
        1,
        1,
        1,
        1,
        null,
        1,
        null,
        1,
        3,
        3,
        null,
        3,
        3,
        null,
        null,
        1,
        3,
        3,
        0,
        0,
        0,
        0,
        null,
        null,
        3,
        0,
        0,
        null,
        null,
        3,
        null,
        null,
        1,
        0,
        null,
        null,
        null
      ],
      "/mnt/hgfs/www/ss/config/routes/event/routes.rb": [
        null,
        1,
        null,
        1,
        null,
        1,
        1,
        null,
        null,
        1,
        1,
        1,
        null,
        null,
        1,
        1,
        1,
        null,
        null,
        null,
        1,
        1,
        null,
        null,
        null
      ],
      "/mnt/hgfs/www/ss/app/models/event/initializer.rb": [
        null,
        1,
        1,
        1,
        null,
        1,
        null,
        null
      ],
      "/mnt/hgfs/www/ss/app/models/concerns/event/extensions/event_dates.rb": [
        null,
        1,
        1,
        0,
        null,
        null,
        1,
        1,
        12,
        0,
        null,
        12,
        null,
        null,
        null,
        1,
        0,
        0,
        null,
        0,
        0,
        0,
        null,
        0,
        null,
        null,
        null,
        0,
        0,
        0,
        null,
        0,
        null,
        0,
        null,
        null,
        null,
        1,
        0,
        0,
        0,
        null,
        null,
        null,
        null
      ],
      "/mnt/hgfs/www/ss/config/routes/faq/routes.rb": [
        null,
        1,
        null,
        1,
        null,
        1,
        1,
        null,
        null,
        1,
        1,
        1,
        null,
        null,
        1,
        1,
        1,
        null,
        null,
        1,
        1,
        null,
        null,
        null
      ],
      "/mnt/hgfs/www/ss/app/models/faq/initializer.rb": [
        null,
        1,
        1,
        1,
        null,
        1,
        1,
        null,
        1,
        1,
        1,
        1,
        1,
        1,
        null,
        null,
        1,
        1,
        0,
        null,
        null,
        1,
        null
      ],
      "/mnt/hgfs/www/ss/app/models/faq/addon.rb": [
        null,
        1,
        1,
        1,
        1,
        null,
        1,
        null,
        1,
        1,
        1,
        null,
        null,
        null,
        null
      ],
      "/mnt/hgfs/www/ss/config/routes/fs/routes.rb": [
        null,
        1,
        null,
        1,
        null,
        null
      ],
      "/mnt/hgfs/www/ss/app/models/fs/initializer.rb": [
        null,
        1,
        1,
        1,
        null,
        null
      ],
      "/mnt/hgfs/www/ss/app/models/concerns/fs/local.rb": [
        null,
        1,
        1,
        1,
        null,
        1,
        1,
        0,
        null,
        null,
        1,
        0,
        null,
        null,
        1,
        0,
        null,
        null,
        1,
        0,
        null,
        null,
        1,
        0,
        null,
        null,
        1,
        5,
        5,
        null,
        null,
        1,
        0,
        0,
        null,
        null,
        1,
        0,
        null,
        null,
        1,
        0,
        null,
        null,
        1,
        0,
        null,
        null,
        1,
        0,
        null,
        null,
        1,
        0,
        null,
        null,
        1,
        0,
        null,
        null,
        1,
        0,
        null,
        null,
        null
      ],
      "/mnt/hgfs/www/ss/config/routes/history/routes.rb": [
        null,
        1,
        null,
        null,
        null,
        1,
        0,
        null,
        null,
        1,
        1,
        1,
        1,
        1,
        1,
        null,
        null,
        1,
        1,
        1,
        1,
        1,
        1,
        null,
        null
      ],
      "/mnt/hgfs/www/ss/config/routes/inquiry/routes.rb": [
        null,
        1,
        null,
        1,
        null,
        1,
        3,
        null,
        null,
        1,
        1,
        1,
        1,
        1,
        null,
        null,
        1,
        1,
        1,
        1,
        1,
        null,
        null,
        null
      ],
      "/mnt/hgfs/www/ss/app/models/inquiry/initializer.rb": [
        null,
        1,
        1,
        1,
        null,
        1,
        1,
        1,
        1,
        null,
        1,
        null,
        null
      ],
      "/mnt/hgfs/www/ss/app/models/inquiry/addon.rb": [
        null,
        1,
        null,
        1,
        1,
        1,
        null,
        1,
        null,
        1,
        1,
        1,
        null,
        1,
        null,
        null,
        null,
        1,
        1,
        1,
        null,
        1,
        null,
        1,
        1,
        1,
        null,
        1,
        1,
        0,
        null,
        null,
        1,
        0,
        null,
        null,
        null,
        null,
        1,
        1,
        1,
        null,
        1,
        null,
        1,
        1,
        1,
        1,
        1,
        1,
        null,
        1,
        null,
        1,
        1,
        0,
        null,
        null,
        1,
        1,
        null,
        null,
        1,
        1,
        1,
        0,
        0,
        null,
        null,
        null,
        null,
        null,
        null,
        1,
        1,
        1,
        null,
        1,
        null,
        1,
        1,
        1,
        1,
        1,
        1,
        null,
        1,
        null,
        1,
        1,
        0,
        null,
        null,
        1,
        1,
        null,
        null,
        1,
        1,
        1,
        0,
        0,
        null,
        null,
        null,
        null,
        null,
        null,
        1,
        1,
        1,
        null,
        1,
        null,
        1,
        1,
        1,
        1,
        1,
        1,
        null,
        1,
        null,
        1,
        1,
        0,
        null,
        null,
        null,
        null,
        null,
        1,
        0,
        null,
        null,
        1,
        0,
        null,
        null,
        1,
        null,
        0,
        0,
        null,
        null,
        1,
        1,
        0,
        0,
        null,
        null,
        null,
        null,
        null
      ],
      "/mnt/hgfs/www/ss/app/models/inquiry/column.rb": [
        null,
        1,
        1,
        1,
        null,
        1,
        1,
        1,
        1,
        1,
        1,
        null,
        1,
        1,
        null,
        1,
        null,
        1,
        1,
        0,
        null,
        null,
        1,
        0,
        0,
        null,
        null
      ],
      "/mnt/hgfs/www/ss/config/routes/kana/routes.rb": [
        null,
        1,
        null,
        1,
        null,
        null
      ],
      "/mnt/hgfs/www/ss/config/routes/mobile/routes.rb": [
        null,
        1,
        null,
        1,
        null,
        null
      ],
      "/mnt/hgfs/www/ss/config/routes/sns/routes.rb": [
        null,
        1,
        null,
        1,
        3,
        null,
        null,
        1,
        1,
        null,
        1,
        1,
        null,
        1,
        1,
        1,
        1,
        null,
        null,
        1,
        1,
        1,
        1,
        1,
        null,
        null,
        1,
        1,
        1,
        1,
        1,
        null,
        null,
        null,
        null,
        null
      ],
      "/mnt/hgfs/www/ss/config/routes/sys/routes.rb": [
        null,
        1,
        null,
        1,
        null,
        1,
        6,
        null,
        null,
        1,
        1,
        1,
        1,
        1,
        1,
        1,
        1,
        1,
        1,
        null,
        1,
        1,
        1,
        1,
        null,
        null,
        null,
        null
      ],
      "/mnt/hgfs/www/ss/app/models/sys/initializer.rb": [
        null,
        1,
        1,
        1,
        null,
        1,
        1,
        null,
        null,
        null
      ],
      "/mnt/hgfs/www/ss/app/models/sys/user.rb": [
        null,
        1,
        1,
        1,
        null,
        1,
        null
      ],
      "/mnt/hgfs/www/ss/config/routes/uploader/routes.rb": [
        null,
        1,
        null,
        1,
        null,
        1,
        1,
        null,
        1,
        1,
        null,
        null,
        null,
        1,
        1,
        null,
        null,
        null
      ],
      "/mnt/hgfs/www/ss/app/models/uploader/initializer.rb": [
        null,
        1,
        1,
        1,
        null,
        null
      ],
      "/mnt/hgfs/www/ss/config/routes/urgency/routes.rb": [
        null,
        1,
        null,
        1,
        null,
        1,
        0,
        null,
        null,
        1,
        1,
        1,
        1,
        null,
        null,
        1,
        1,
        null,
        null,
        null,
        null
      ],
      "/mnt/hgfs/www/ss/app/models/urgency/initializer.rb": [
        null,
        1,
        1,
        1,
        null,
        null
      ],
      "/mnt/hgfs/www/ss/config/routes/workflow/routes.rb": [
        null,
        1,
        null,
        1,
        null,
        1,
        2,
        2,
        2,
        2,
        null,
        null,
        1,
        1,
        1,
        null,
        null,
        1,
        1,
        1,
        null,
        null,
        null
      ],
      "/mnt/hgfs/www/ss/app/models/workflow/initializer.rb": [
        null,
        1,
        1,
        1,
        null,
        1,
        1,
        1,
        1,
        1,
        1,
        1,
        1,
        1,
        1,
        1,
        1,
        null,
        null,
        null
      ],
      "/mnt/hgfs/www/ss/app/models/workflow/addon.rb": [
        null,
        1,
        1,
        1,
        1,
        null,
        1,
        null,
        1,
        null,
        1,
        2,
        2,
        2,
        2,
        null,
        2,
        2,
        null,
        2,
        null,
        null,
        1,
        1,
        8,
        0,
        0,
        0,
        0,
        null,
        8,
        0,
        null,
        null,
        null,
        null
      ],
      "/mnt/hgfs/www/ss/app/models/concerns/workflow/extensions/workflow_approvers.rb": [
        null,
        1,
        1,
        0,
        null,
        null,
        1,
        1,
        0,
        0,
        0,
        null,
        null,
        1,
        0,
        0,
        null,
        0,
        0,
        0,
        0,
        0,
        0,
        0,
        0,
        null,
        0,
        null,
        null,
        null,
        null,
        0,
        0,
        null,
        0,
        null,
        null,
        0,
        null,
        null,
        null,
        1,
        0,
        0,
        0,
        null,
        null,
        null,
        null
      ],
      "/mnt/hgfs/www/ss/config/routes/cms/routes_end.rb": [
        null,
        1,
        null,
        1,
        14,
        null,
        null,
        1,
        1,
        1,
        null,
        null,
        1,
        1,
        1,
        1,
        1,
        1,
        1,
        1,
        1,
        1,
        null,
        1,
        1,
        null,
        1,
        1,
        1,
        1,
        1,
        1,
        1,
        1,
        null,
        null,
        1,
        1,
        null,
        null,
        1,
        1,
        1,
        1,
        1,
        1,
        1,
        null,
        null,
        1,
        1,
        1,
        1,
        null,
        null,
        1,
        1,
        1,
        1,
        1,
        1,
        null,
        null,
        1,
        1,
        null,
        null,
        1,
        null,
        1,
        null,
        null,
        1,
        null,
        null
      ],
      "/mnt/hgfs/www/ss/app/helpers/addon_helper.rb": [
        null,
        1,
        1,
        0,
        null,
        null
      ],
      "/mnt/hgfs/www/ss/app/helpers/application_helper.rb": [
        null,
        1,
        1,
        0,
        0,
        0,
        0,
        null,
        null,
        null,
        1,
        0,
        0,
        null,
        null,
        1,
        0,
        null,
        null,
        1,
        0,
        0,
        null,
        null,
        1,
        0,
        0,
        0,
        0,
        null,
        null,
        null,
        1,
        6,
        0,
        null,
        6,
        null,
        null,
        1,
        0,
        0,
        null,
        null,
        null,
        1,
        0,
        0,
        null,
        null,
        null,
        1,
        0,
        0,
        null,
        null,
        null,
        null,
        null,
        null,
        0,
        0,
        0,
        0,
        0,
        null,
        null,
        1,
        0,
        0,
        0,
        0,
        null,
        0,
        0,
        0,
        0,
        0,
        0,
        0,
        null,
        null
      ],
      "/mnt/hgfs/www/ss/app/helpers/cms/form_helper.rb": [
        null,
        1,
        null,
        1,
        0,
        0,
        0,
        0,
        0,
        null,
        0,
        0,
        0,
        null,
        null,
        null,
        0,
        0,
        null,
        0,
        null,
        null
      ],
      "/mnt/hgfs/www/ss/app/helpers/cms/list_helper.rb": [
        null,
        1,
        1,
        0,
        null,
        0,
        0,
        0,
        0,
        null,
        0,
        0,
        0,
        null,
        0,
        0,
        0,
        0,
        0,
        0,
        0,
        null,
        0,
        null,
        null,
        0,
        null,
        0,
        null,
        null,
        1,
        0,
        null,
        0,
        0,
        0,
        0,
        null,
        0,
        0,
        0,
        null,
        0,
        0,
        0,
        0,
        0,
        0,
        0,
        0,
        null,
        0,
        null,
        null,
        0,
        null,
        0,
        null,
        null
      ],
      "/mnt/hgfs/www/ss/app/helpers/cms/node_helper.rb": [
        null,
        1,
        1,
        0,
        null,
        0,
        0,
        null,
        null,
        0,
        0,
        null,
        0,
        null,
        null
      ],
      "/mnt/hgfs/www/ss/app/helpers/cms/public_helper.rb": [
        null,
        1,
        1,
        0,
        0,
        0,
        0,
        0,
        0,
        null,
        0,
        0,
        null,
        0,
        null,
        null,
        null
      ],
      "/mnt/hgfs/www/ss/app/helpers/editor_helper.rb": [
        null,
        1,
        1,
        0,
        0,
        0,
        0,
        0,
        null,
        null,
        0,
        0,
        null,
        0,
        0,
        0,
        0,
        null,
        0,
        0,
        0,
        0,
        0,
        0,
        null,
        null,
        0,
        0,
        null,
        0,
        null,
        null,
        1,
        0,
        0,
        0,
        0,
        0,
        0,
        null,
        null,
        null,
        1,
        0,
        null,
        0,
        0,
        null,
        null,
        0,
        0,
        null,
        0,
        null,
        null,
        0,
        0,
        null,
        0,
        null,
        0,
        0,
        0,
        null,
        0,
        0,
        0,
        0,
        0,
        0,
        0,
        0,
        0,
        0,
        0,
        0,
        0,
        0,
        0,
        0,
        0,
        0,
        0,
        0,
        0,
        0,
        0,
        null,
        0,
        0,
        null,
        0,
        null,
        null,
        1,
        0,
        null,
        0,
        0,
        0,
        0,
        0,
        null,
        0,
        0,
        0,
        0,
        0,
        null,
        null,
        0,
        0,
        0,
        0,
        0,
        0,
        0,
        null,
        null,
        0,
        0,
        null,
        0,
        null,
        null,
        1,
        null,
        null
      ],
      "/mnt/hgfs/www/ss/app/helpers/event/event_helper.rb": [
        null,
        1,
        1,
        null,
        1,
        0,
        null,
        null,
        1,
        0,
        null,
        null,
        1,
        0,
        null,
        null,
        1,
        0,
        0,
        null,
        null,
        1,
        0,
        0,
        0,
        null,
        null,
        1,
        0,
        0,
        0,
        0,
        null,
        0,
        null,
        null,
        0,
        0,
        null,
        0,
        null,
        null,
        null,
        null,
        1,
        0,
        0,
        0,
        0,
        null,
        0,
        null,
        null,
        0,
        0,
        null,
        0,
        null,
        null,
        null,
        null
      ],
      "/mnt/hgfs/www/ss/spec/support/ss/mongoid.rb": [
        null,
        1,
        59,
        16,
        16,
        39,
        39,
        39,
        39,
        null,
        null,
        null,
        null,
        43,
        43,
        43,
        43,
        null,
        null,
        null,
        null,
        null,
        1,
        86,
        null,
        null
      ],
      "/mnt/hgfs/www/ss/spec/controllers/sys/users_controller_spec.rb": [
        1,
        null,
        null,
        null,
        null,
        null,
        null,
        null,
        null,
        null,
        null,
        null,
        null,
        null,
        null,
        null,
        null,
        null,
        null,
        null,
        null,
        null,
        null,
        null,
        null,
        null,
        null,
        null,
        null,
        null,
        null,
        null,
        null,
        null,
        null,
        null,
        null,
        null,
        null,
        null,
        null,
        null,
        null
      ],
      "/mnt/hgfs/www/ss/spec/models/article/node_spec.rb": [
        1,
        null,
        1,
        2,
        2,
        null,
        1,
        1,
        null,
        null,
        1,
        2,
        2,
        null,
        1,
        1,
        null
      ],
      "/mnt/hgfs/www/ss/spec/models/article/page_spec.rb": [
        1,
        null,
        1,
        9,
        5,
        null,
        1,
        1,
        1,
        null,
        1,
        8,
        null,
        2,
        2,
        2,
        2,
        2,
        2,
        2,
        null,
        null,
        null
      ],
      "/mnt/hgfs/www/ss/spec/models/article/part_spec.rb": [
        1,
        null,
        1,
        2,
        2,
        null,
        1,
        1,
        null
      ],
      "/mnt/hgfs/www/ss/spec/models/category/node_spec.rb": [
        1,
        null,
        1,
        2,
        2,
        null,
        1,
        1,
        null,
        null,
        1,
        2,
        2,
        null,
        1,
        1,
        null,
        null,
        1,
        2,
        2,
        null,
        1,
        1,
        null
      ],
      "/mnt/hgfs/www/ss/spec/models/category/part_spec.rb": [
        1,
        null,
        1,
        2,
        2,
        null,
        1,
        1,
        null,
        null,
        1,
        2,
        2,
        null,
        1,
        1,
        null
      ],
      "/mnt/hgfs/www/ss/spec/models/cms/group_spec.rb": [
        1,
        null,
        1,
        2,
        3,
        null,
        1,
        1,
        1,
        null
      ],
      "/mnt/hgfs/www/ss/app/models/cms/group.rb": [
        null,
        1,
        1,
        1,
        null,
        1,
        null,
        1,
        null
      ],
      "/mnt/hgfs/www/ss/spec/models/cms/layout_spec.rb": [
        1,
        null,
        1,
        14,
        5,
        null,
        1,
        1,
        1,
        null,
        1,
        13,
        null,
        2,
        2,
        2,
        2,
        2,
        2,
        2,
        2,
        2,
        2,
        2,
        2,
        null,
        null
      ],
      "/mnt/hgfs/www/ss/spec/models/cms/member_spec.rb": [
        1,
        null,
        1,
        2,
        5,
        null,
        1,
        1,
        1,
        null,
        1,
        1,
        null,
        null
      ],
      "/mnt/hgfs/www/ss/spec/models/cms/node_spec.rb": [
        1,
        null,
        1,
        15,
        5,
        null,
        1,
        1,
        1,
        null,
        1,
        14,
        null,
        2,
        2,
        2,
        2,
        2,
        2,
        2,
        2,
        2,
        2,
        2,
        2,
        2,
        null,
        null,
        null,
        1,
        2,
        2,
        null,
        1,
        1,
        null,
        null,
        1,
        2,
        2,
        null,
        1,
        1,
        null,
        null,
        1,
        2,
        2,
        null,
        1,
        1,
        null
      ],
      "/mnt/hgfs/www/ss/spec/models/cms/page_spec.rb": [
        1,
        null,
        1,
        10,
        5,
        null,
        1,
        1,
        1,
        null,
        1,
        9,
        null,
        2,
        2,
        2,
        2,
        2,
        2,
        2,
        2,
        null,
        null
      ],
      "/mnt/hgfs/www/ss/spec/models/cms/part_spec.rb": [
        1,
        null,
        1,
        11,
        5,
        null,
        1,
        1,
        1,
        null,
        1,
        10,
        null,
        2,
        2,
        2,
        2,
        2,
        2,
        2,
        2,
        2,
        null,
        null,
        null,
        1,
        2,
        2,
        null,
        1,
        1,
        null,
        null,
        1,
        2,
        2,
        null,
        1,
        1,
        null,
        null,
        1,
        2,
        2,
        null,
        1,
        1,
        null,
        null,
        1,
        2,
        2,
        null,
        1,
        1,
        null,
        null,
        1,
        2,
        2,
        null,
        1,
        1,
        null,
        null,
        1,
        2,
        2,
        null,
        1,
        1,
        null
      ],
      "/mnt/hgfs/www/ss/spec/models/cms/role_spec.rb": [
        1,
        null,
        1,
        2,
        4,
        null,
        1,
        1,
        1,
        null
      ],
      "/mnt/hgfs/www/ss/spec/models/cms/site_spec.rb": [
        1,
        null,
        1,
        6,
        4,
        null,
        1,
        1,
        1,
        null,
        1,
        5,
        null,
        2,
        2,
        2,
        2,
        null,
        null
      ],
      "/mnt/hgfs/www/ss/app/models/cms/site.rb": [
        null,
        1,
        1,
        1,
        null,
        1,
        null
      ],
      "/mnt/hgfs/www/ss/spec/models/cms/user_spec.rb": [
        1,
        null,
        1,
        2,
        5,
        null,
        1,
        1,
        1,
        null
      ],
      "/mnt/hgfs/www/ss/spec/models/event/node_spec.rb": [
        1,
        null,
        1,
        2,
        2,
        null,
        1,
        1,
        null,
        null,
        1,
        2,
        2,
        null,
        1,
        1,
        null
      ],
      "/mnt/hgfs/www/ss/spec/models/faq/node_spec.rb": [
        1,
        null,
        1,
        2,
        2,
        null,
        1,
        1,
        null,
        null,
        1,
        2,
        2,
        null,
        1,
        1,
        null
      ],
      "/mnt/hgfs/www/ss/spec/models/faq/page_spec.rb": [
        1,
        null,
        1,
        9,
        5,
        null,
        1,
        1,
        1,
        null,
        1,
        8,
        null,
        2,
        2,
        2,
        2,
        2,
        2,
        2,
        null,
        null,
        null
      ],
      "/mnt/hgfs/www/ss/spec/models/history/log_spec.rb": [
        1,
        null,
        1,
        2,
        5,
        null,
        1,
        1,
        1,
        null
      ],
      "/mnt/hgfs/www/ss/spec/models/inquiry/node_spec.rb": [
        1,
        null,
        1,
        2,
        2,
        null,
        1,
        1,
        null,
        null,
        1,
        2,
        2,
        null,
        1,
        1,
        null
      ],
      "/mnt/hgfs/www/ss/spec/models/ss/group_spec.rb": [
        1,
        null,
        1,
        2,
        3,
        null,
        1,
        1,
        1,
        null
      ],
      "/mnt/hgfs/www/ss/spec/models/ss/site_spec.rb": [
        1,
        null,
        1,
        6,
        4,
        null,
        1,
        1,
        1,
        null,
        1,
        5,
        null,
        2,
        2,
        2,
        2,
        null,
        null
      ],
      "/mnt/hgfs/www/ss/spec/models/ss/user_spec.rb": [
        1,
        null,
        1,
        2,
        5,
        null,
        1,
        1,
        1,
        null
      ],
      "/mnt/hgfs/www/ss/spec/models/sys/role_spec.rb": [
        1,
        null,
        1,
        2,
        3,
        null,
        1,
        1,
        1,
        null
      ],
      "/mnt/hgfs/www/ss/spec/models/uploader/node_spec.rb": [
        1,
        null,
        1,
        2,
        2,
        null,
        1,
        1,
        null,
        null,
        1,
        2,
        2,
        null,
        1,
        1,
        null
      ],
      "/mnt/hgfs/www/ss/spec/models/urgency/node_spec.rb": [
        1,
        null,
        1,
        2,
        2,
        null,
        1,
        1,
        null,
        null,
        1,
        2,
        2,
        null,
        1,
        1,
        null
      ],
      "/mnt/hgfs/www/ss/app/models/ss/sequence.rb": [
        null,
        1,
        1,
        null,
        1,
        1,
        null,
        1,
        1,
        164,
        164,
        164,
        null,
        10,
        10,
        10,
        10,
        null,
        null,
        1,
        0,
        0,
        null,
        null,
        null
      ],
      "/mnt/hgfs/www/ss/lib/ss/crypt.rb": [
        null,
        1,
        1,
        1,
        1,
        1,
        null,
        1,
        1,
        1,
        69,
        69,
        null,
        null,
        1,
        0,
        0,
        0,
        0,
        0,
        null,
        null,
        1,
        0,
        0,
        0,
        0,
        0,
        null,
        null,
        null
      ],
      "/mnt/hgfs/www/ss/app/models/ss/file.rb": [
        null,
        1,
        1,
        null
      ],
      "/mnt/hgfs/www/ss/app/models/concerns/ss/file/model.rb": [
        null,
        1,
        1,
        1,
        1,
        1,
        null,
        1,
        null,
        1,
        1,
        null,
        1,
        1,
        1,
        1,
        1,
        1,
        1,
        null,
        1,
        1,
        null,
        1,
        null,
        1,
        1,
        1,
        null,
        1,
        1,
        null,
        null,
        1,
        1,
        null,
        null,
        1,
        1,
        null,
        0,
        null,
        null,
        1,
        0,
        null,
        null,
        1,
        0,
        null,
        null,
        1,
        0,
        null,
        null,
        1,
        0,
        null,
        null,
        1,
        0,
        null,
        null,
        1,
        0,
        null,
        null,
        1,
        0,
        null,
        0,
        0,
        0,
        0,
        null,
        0,
        0,
        null,
        0,
        null,
        null,
        1,
        0,
        0,
        0,
        0,
        0,
        0,
        null,
        null,
        1,
        1,
        0,
        0,
        0,
        null,
        null,
        1,
        0,
        0,
        0,
        null,
        0,
        0,
        0,
        null,
        0,
        0,
        null,
        null,
        null,
        1,
        0,
        0,
        null,
        null,
        null
      ],
      "/mnt/hgfs/www/ss/app/controllers/cms/task/pages_controller.rb": [
        null,
        1,
        1,
        null,
        1,
        1,
        0,
        null,
        null,
        1,
        1,
        0,
        null,
        0,
        0,
        0,
        null,
        0,
        0,
        0,
        0,
        0,
        0,
        null,
        null,
        null,
        0,
        0,
        0,
        null,
        0,
        0,
        0,
        0,
        0,
        0,
        null,
        null,
        null,
        null,
        1,
        0,
        0,
        0,
        null,
        0,
        null,
        0,
        0,
        0,
        null,
        null,
        null,
        1,
        3,
        3,
        null,
        null,
        1,
        0,
        0,
        null,
        0,
        null,
        0,
        0,
        0,
        null,
        null,
        null
      ],
      "/mnt/hgfs/www/ss/app/controllers/application_controller.rb": [
        null,
        1,
        null,
        null,
        1,
        null,
        null,
        null,
        1,
        1,
        0,
        0,
        null,
        null,
        1,
        1,
        0,
        null,
        null
      ],
      "/mnt/hgfs/www/ss/app/models/cms/config.rb": [
        null,
        1,
        1,
        null,
        null,
        null,
        null,
        null,
        null,
        1,
        null,
        null
      ],
      "/mnt/hgfs/www/ss/app/controllers/cms/public_controller.rb": [
        null,
        1,
        1,
        null,
        1,
        1,
        null,
        1,
        1,
        0,
        0,
        null,
        null,
        null,
        1,
        null,
        null,
        null
      ],
      "/mnt/hgfs/www/ss/app/cells/article/pages/page.rb": [
        null,
        1,
        1,
        1,
        null,
        null
      ],
      "/mnt/hgfs/www/ss/app/controllers/concerns/cms/page_filter.rb": [
        null,
        1,
        1,
        1,
        null,
        1,
        3,
        3,
        null,
        null,
        1,
        1,
        36,
        12,
        12,
        null,
        null,
        null,
        1,
        1,
        3,
        null,
        null,
        null
      ],
      "/mnt/hgfs/www/ss/app/cells/cms/addons/meta.rb": [
        null,
        1,
        1,
        1,
        null,
        null,
        1,
        1,
        null,
        null
      ],
      "/mnt/hgfs/www/ss/app/controllers/concerns/ss/addon_filter.rb": [
        null,
        1,
        1,
        1,
        1,
        null,
        1,
        10,
        null,
        null,
        1,
        0,
        0,
        null,
        0,
        0,
        0,
        null,
        null,
        null,
        null,
        1,
        1,
        1,
        null,
        1,
        10,
        10,
        10,
        10,
        null,
        null,
        1,
        1,
        0,
        0,
        0,
        null,
        null,
        null,
        1,
        1,
        0,
        null,
        null,
        1,
        0,
        null,
        null,
        1,
        0,
        null,
        null,
        1,
        0,
        null,
        null,
        1,
        0,
        null,
        null,
        null,
        1,
        1,
        null,
        1,
        10,
        10,
        10,
        null,
        null,
        1,
        1,
        405,
        162,
        108,
        null,
        null,
        null,
        1,
        1,
        27,
        null,
        null,
        null
      ],
      "/mnt/hgfs/www/ss/app/controllers/concerns/ss/layout_filter.rb": [
        null,
        1,
        1,
        null,
        1,
        30,
        30,
        30,
        30,
        10,
        null,
        null,
        1,
        1,
        1,
        0,
        null,
        null,
        1,
        2,
        null,
        null,
        1,
        0,
        null,
        null,
        1,
        0,
        null,
        null,
        null
      ],
      "/mnt/hgfs/www/ss/app/cells/cms/addons/body.rb": [
        null,
        1,
        1,
        1,
        null,
        1,
        null,
        null,
        1,
        1,
        null,
        null
      ],
      "/mnt/hgfs/www/ss/app/cells/cms/addons/file.rb": [
        null,
        1,
        1,
        1,
        null,
        null,
        1,
        1,
        null,
        null
      ],
      "/mnt/hgfs/www/ss/app/cells/category/addons/category.rb": [
        null,
        1,
        1,
        1,
        null,
        null,
        1,
        1,
        null,
        null
      ],
      "/mnt/hgfs/www/ss/app/cells/event/addons/date.rb": [
        null,
        1,
        1,
        1,
        null,
        1,
        null,
        null,
        1,
        1,
        null,
        null
      ],
      "/mnt/hgfs/www/ss/app/cells/cms/addons/related_page.rb": [
        null,
        1,
        1,
        1,
        null,
        null,
        1,
        1,
        null,
        null
      ],
      "/mnt/hgfs/www/ss/app/cells/cms/addons/release.rb": [
        null,
        1,
        1,
        1,
        null,
        null,
        1,
        1,
        null,
        null
      ],
      "/mnt/hgfs/www/ss/app/cells/cms/addons/owner_permission.rb": [
        null,
        1,
        1,
        1,
        null,
        null,
        1,
        1,
        null,
        null
      ],
      "/mnt/hgfs/www/ss/app/controllers/cms/task/layouts_controller.rb": [
        null,
        1,
        1,
        null,
        1,
        1,
        0,
        null,
        null,
        1,
        1,
        0,
        0,
        0,
        0,
        null,
        0,
        null,
        0,
        0,
        0,
        null,
        null,
        null,
        1,
        1,
        1,
        null,
        null,
        1,
        0,
        0,
        null,
        0,
        null,
        0,
        0,
        0,
        null,
        null,
        null
      ],
      "/mnt/hgfs/www/ss/app/cells/cms/pages/page.rb": [
        null,
        1,
        1,
        1,
        null,
        null
      ],
      "/mnt/hgfs/www/ss/app/cells/workflow/addons/approver.rb": [
        null,
        1,
        1,
        1,
        null,
        null,
        1,
        1,
        null,
        null
      ],
      "/mnt/hgfs/www/ss/app/cells/faq/pages/page.rb": [
        null,
        1,
        1,
        1,
        null,
        null,
        null
      ],
      "/mnt/hgfs/www/ss/app/cells/faq/addons/question.rb": [
        null,
        1,
        1,
        1,
        null,
        null,
        1,
        1,
        null,
        null
      ]
    },
    "timestamp": 1409478589
  }
}
